Build started 11-Jul-15 3:38:34 PM.
     1>Project "C:\Program Files (x86)\GridLAB-D\code\gridlab-d-code-5156-trunk1 - Copy\residential\residential.vcxproj" on node 2 (build target(s)).
     1>InitializeBuildStatus:
         Touching "Win32\Debug\residential\residential.unsuccessfulbuild".
       ClCompile:
         All outputs are up-to-date.
       ManifestResourceCompile:
         C:\Program Files (x86)\Microsoft SDKs\Windows\v7.0A\bin\rc.exe /nologo /fo"Win32\Debug\residential\residential.dll.embed.manifest.res" Win32\Debug\residential\residential_manifest.rc 
       Link:
         c:\Program Files (x86)\Microsoft Visual Studio 10.0\VC\bin\link.exe /ERRORREPORT:PROMPT /OUT:"..\VS2005\Win32\Debug\residential.dll" /INCREMENTAL /NOLOGO /LIBPATH:c:\ws\staff\lib /LIBPATH:..\VS2005\Win32\Debug\ staff_common.lib staff_client.lib staff_utils.lib kernel32.lib user32.lib gdi32.lib winspool.lib comdlg32.lib advapi32.lib shell32.lib ole32.lib oleaut32.lib uuid.lib odbc32.lib odbccp32.lib /MANIFEST /ManifestFile:"Win32\Debug\residential\residential.dll.intermediate.manifest" /MANIFESTUAC:"level='asInvoker' uiAccess='false'" /DEBUG /PDB:"C:\Program Files (x86)\GridLAB-D\code\gridlab-d-code-5156-trunk1 - Copy\VS2005\Win32\Debug\residential.pdb" /SUBSYSTEM:WINDOWS /TLBID:1 /DYNAMICBASE /NXCOMPAT /IMPLIB:"..\VS2005\Win32\Debug\residential.lib" /MACHINE:X86 /DLL Win32\Debug\residential\residential.dll.embed.manifest.res
         Win32\Debug\residential\appliance.obj
         Win32\Debug\residential\clotheswasher.obj
         Win32\Debug\residential\dishwasher.obj
         Win32\Debug\residential\dryer.obj
         Win32\Debug\residential\evcharger.obj
         Win32\Debug\residential\evcharger_det.obj
         Win32\Debug\residential\freezer.obj
         Win32\Debug\residential\house_a.obj
         Win32\Debug\residential\house_e.obj
         Win32\Debug\residential\init.obj
         Win32\Debug\residential\lights.obj
         Win32\Debug\residential\main.obj
         Win32\Debug\residential\microwave.obj
         Win32\Debug\residential\my_wheaterProxy.obj
         Win32\Debug\residential\occupantload.obj
         Win32\Debug\residential\plugload.obj
         Win32\Debug\residential\range.obj
         Win32\Debug\residential\refrigerator.obj
         Win32\Debug\residential\residential_enduse.obj
         Win32\Debug\residential\solvers.obj
         Win32\Debug\residential\thermal_storage.obj
         Win32\Debug\residential\waterheater.obj
         Win32\Debug\residential\WH_as_service.obj
         Win32\Debug\residential\zipload.obj
            Creating library ..\VS2005\Win32\Debug\residential.lib and object ..\VS2005\Win32\Debug\residential.exp
       Manifest:
         C:\Program Files (x86)\Microsoft SDKs\Windows\v7.0A\bin\mt.exe /nologo /verbose /out:"Win32\Debug\residential\residential.dll.embed.manifest" /manifest Win32\Debug\residential\residential.dll.intermediate.manifest
         All outputs are up-to-date.
       LinkEmbedManifest:
         All outputs are up-to-date.
         residential.vcxproj -> C:\Program Files (x86)\GridLAB-D\code\gridlab-d-code-5156-trunk1 - Copy\residential\..\VS2005\Win32\Debug\residential.dll
       FinalizeBuildStatus:
         Deleting file "Win32\Debug\residential\residential.unsuccessfulbuild".
         Touching "Win32\Debug\residential\residential.lastbuildstate".
     1>Done Building Project "C:\Program Files (x86)\GridLAB-D\code\gridlab-d-code-5156-trunk1 - Copy\residential\residential.vcxproj" (build target(s)).

Build succeeded.

Time Elapsed 00:00:01.17
