Build started 11-Jul-15 3:42:24 PM.
     1>Project "C:\Program Files (x86)\GridLAB-D\code\gridlab-d-code-5156-trunk1 - Copy\generators\generators.vcxproj" on node 2 (build target(s)).
     1>InitializeBuildStatus:
         Creating "Win32\Debug\generators\generators.unsuccessfulbuild" because "AlwaysCreate" was specified.
       ClCompile:
         c:\Program Files (x86)\Microsoft Visual Studio 10.0\VC\bin\CL.exe /c /Ic:\ws\staff\include /I..\core /ZI /nologo /W3 /WX- /Od /Oy- /D WIN32 /D _DEBUG /D _WINDOWS /D _USRDLL /D _CRT_SECURE_NO_DEPRECATE /D _WINDLL /D _MBCS /Gm /EHsc /RTC1 /MDd /GS /fp:precise /Zc:wchar_t /Zc:forScope /Fo"Win32\Debug\generators\\" /Fd"Win32\Debug\generators\vc100.pdb" /Gd /TP /analyze- /errorReport:prompt battery.cpp central_dg_control.cpp dc_dc_converter.cpp diesel_dg.cpp energy_storage.cpp init.cpp inverter.cpp main.cpp microturbine.cpp micro_service.cpp my_microturbineProxy.cpp my_solarProxy.cpp my_wind_turbineProxy.cpp power_electronics.cpp rectifier.cpp solar.cpp solar_service.cpp windturb_dg.cpp wind_service.cpp
         wind_service.cpp
         windturb_dg.cpp
         solar_service.cpp
     1>c:\program files (x86)\gridlab-d\code\gridlab-d-code-5156-trunk1 - copy\generators\solar_service.cpp(501): warning C4244: 'argument' : conversion from 'TIMESTAMP' to 'int', possible loss of data
     1>c:\program files (x86)\gridlab-d\code\gridlab-d-code-5156-trunk1 - copy\generators\solar_service.cpp(501): warning C4244: 'argument' : conversion from 'TIMESTAMP' to 'int', possible loss of data
         solar.cpp
         rectifier.cpp
         power_electronics.cpp
         my_wind_turbineProxy.cpp
         my_solarProxy.cpp
         my_microturbineProxy.cpp
         micro_service.cpp
     1>c:\program files (x86)\gridlab-d\code\gridlab-d-code-5156-trunk1 - copy\generators\micro_service.cpp(300): warning C4244: 'argument' : conversion from 'TIMESTAMP' to 'int', possible loss of data
     1>c:\program files (x86)\gridlab-d\code\gridlab-d-code-5156-trunk1 - copy\generators\micro_service.cpp(300): warning C4244: 'argument' : conversion from 'TIMESTAMP' to 'int', possible loss of data
         microturbine.cpp
         main.cpp
         inverter.cpp
     1>c:\program files (x86)\gridlab-d\code\gridlab-d-code-5156-trunk1 - copy\generators\inverter.cpp(2669): warning C4101: 'Q_load' : unreferenced local variable
     1>c:\program files (x86)\gridlab-d\code\gridlab-d-code-5156-trunk1 - copy\generators\inverter.cpp(2669): warning C4101: 'Q_required' : unreferenced local variable
     1>c:\program files (x86)\gridlab-d\code\gridlab-d-code-5156-trunk1 - copy\generators\inverter.cpp(2669): warning C4101: 'available_VA' : unreferenced local variable
     1>c:\program files (x86)\gridlab-d\code\gridlab-d-code-5156-trunk1 - copy\generators\inverter.cpp(2669): warning C4101: 'new_Q_out' : unreferenced local variable
         init.cpp
         energy_storage.cpp
         diesel_dg.cpp
         dc_dc_converter.cpp
         central_dg_control.cpp
         battery.cpp
         Generating Code...
       ManifestResourceCompile:
         C:\Program Files (x86)\Microsoft SDKs\Windows\v7.0A\bin\rc.exe /nologo /fo"Win32\Debug\generators\generators.dll.embed.manifest.res" Win32\Debug\generators\generators_manifest.rc 
       Link:
         c:\Program Files (x86)\Microsoft Visual Studio 10.0\VC\bin\link.exe /ERRORREPORT:PROMPT /OUT:"..\VS2005\Win32\Debug\generators.dll" /INCREMENTAL /NOLOGO /LIBPATH:c:\ws\staff\lib /LIBPATH:..\VS2005\Win32\Debug\ staff_common.lib staff_client.lib staff_utils.lib kernel32.lib user32.lib gdi32.lib winspool.lib comdlg32.lib advapi32.lib shell32.lib ole32.lib oleaut32.lib uuid.lib odbc32.lib odbccp32.lib /MANIFEST /ManifestFile:"Win32\Debug\generators\generators.dll.intermediate.manifest" /MANIFESTUAC:"level='asInvoker' uiAccess='false'" /DEBUG /PDB:"C:\Program Files (x86)\GridLAB-D\code\gridlab-d-code-5156-trunk1 - Copy\VS2005\Win32\Debug\generators.pdb" /SUBSYSTEM:WINDOWS /TLBID:1 /DYNAMICBASE /NXCOMPAT /IMPLIB:"..\VS2005\Win32\Debug\generators.lib" /MACHINE:X86 /DLL Win32\Debug\generators\generators.dll.embed.manifest.res
         Win32\Debug\generators\battery.obj
         Win32\Debug\generators\central_dg_control.obj
         Win32\Debug\generators\dc_dc_converter.obj
         Win32\Debug\generators\diesel_dg.obj
         Win32\Debug\generators\energy_storage.obj
         Win32\Debug\generators\init.obj
         Win32\Debug\generators\inverter.obj
         Win32\Debug\generators\main.obj
         Win32\Debug\generators\microturbine.obj
         Win32\Debug\generators\micro_service.obj
         Win32\Debug\generators\my_microturbineProxy.obj
         Win32\Debug\generators\my_solarProxy.obj
         Win32\Debug\generators\my_wind_turbineProxy.obj
         Win32\Debug\generators\power_electronics.obj
         Win32\Debug\generators\rectifier.obj
         Win32\Debug\generators\solar.obj
         Win32\Debug\generators\solar_service.obj
         Win32\Debug\generators\windturb_dg.obj
         Win32\Debug\generators\wind_service.obj
            Creating library ..\VS2005\Win32\Debug\generators.lib and object ..\VS2005\Win32\Debug\generators.exp
       Manifest:
         C:\Program Files (x86)\Microsoft SDKs\Windows\v7.0A\bin\mt.exe /nologo /verbose /out:"Win32\Debug\generators\generators.dll.embed.manifest" /manifest Win32\Debug\generators\generators.dll.intermediate.manifest
         All outputs are up-to-date.
       LinkEmbedManifest:
         All outputs are up-to-date.
         generators.vcxproj -> C:\Program Files (x86)\GridLAB-D\code\gridlab-d-code-5156-trunk1 - Copy\generators\..\VS2005\Win32\Debug\generators.dll
       FinalizeBuildStatus:
         Deleting file "Win32\Debug\generators\generators.unsuccessfulbuild".
         Touching "Win32\Debug\generators\generators.lastbuildstate".
     1>Done Building Project "C:\Program Files (x86)\GridLAB-D\code\gridlab-d-code-5156-trunk1 - Copy\generators\generators.vcxproj" (build target(s)).

Build succeeded.

Time Elapsed 00:00:08.38
